<?xml version="1.0" encoding="UTF-8"?>
<!-- Generated by org.testng.reporters.JUnitReportReporter -->
<testsuite hostname="KanniyaVikashini" failures="0" tests="1" name="runtest.LoginTest" time="1.101" errors="0" timestamp="2024-07-24T07:45:18 IST" skipped="0">
  <testcase classname="runtest.LoginTest" name="testLogin" time="1.101"/>
  <system-out/>
</testsuite> <!-- runtest.LoginTest -->
